#
# There is insufficient memory for the Java Runtime Environment to continue.
# Native memory allocation (malloc) failed to allocate 32744 bytes for Chunk::new
# Possible reasons:
#   The system is out of physical RAM or swap space
#   The process is running with CompressedOops enabled, and the Java Heap may be blocking the growth of the native heap
# Possible solutions:
#   Reduce memory load on the system
#   Increase physical memory or swap space
#   Check if swap backing store is full
#   Decrease Java heap size (-Xmx/-Xms)
#   Decrease number of Java threads
#   Decrease Java thread stack sizes (-Xss)
#   Set larger code cache with -XX:ReservedCodeCacheSize=
#   JVM is running with Zero Based Compressed Oops mode in which the Java heap is
#     placed in the first 32GB address space. The Java Heap base address is the
#     maximum limit for the native heap growth. Please use -XX:HeapBaseMinAddress
#     to set the Java Heap base and to place the Java Heap above 32GB virtual address.
# This output file may be truncated or incomplete.
#
#  Out of Memory Error (arena.cpp:184), pid=15448, tid=19864
#
# JRE version: Java(TM) SE Runtime Environment (19.0+36) (build 19+36-2238)
# Java VM: Java HotSpot(TM) 64-Bit Server VM (19+36-2238, mixed mode, tiered, compressed oops, compressed class ptrs, g1 gc, windows-amd64)
# No core dump will be written. Minidumps are not enabled by default on client versions of Windows
#

---------------  S U M M A R Y ------------

Command Line: -Dfile.encoding=UTF-8 -XX:+ShowCodeDetailsInExceptionMessages com.qa.woo.ecommerce.App

Host: Intel(R) Core(TM) i7-10750H CPU @ 2.60GHz, 12 cores, 15G,  Windows 10 , 64 bit Build 19041 (10.0.19041.1889)
Time: Sat Oct 15 19:20:16 2022 GMT Daylight Time elapsed time: 0.750273 seconds (0d 0h 0m 0s)

---------------  T H R E A D  ---------------

Current thread (0x000002068406c3f0):  JavaThread "C2 CompilerThread0" daemon [_thread_in_native, id=19864, stack(0x0000001494a00000,0x0000001494b00000)]


Current CompileTask:
C2:    753  150       4       java.util.regex.Matcher::search (154 bytes)

Stack: [0x0000001494a00000,0x0000001494b00000]
Native frames: (J=compiled Java code, j=interpreted, Vv=VM code, C=native code)
V  [jvm.dll+0x6ee8fa]
V  [jvm.dll+0x857a1e]
V  [jvm.dll+0x85940e]
V  [jvm.dll+0x859ac3]
V  [jvm.dll+0x28291f]
V  [jvm.dll+0xc9b5f]
V  [jvm.dll+0xc9ee5]
V  [jvm.dll+0xa813f]
V  [jvm.dll+0x67a7a7]
V  [jvm.dll+0x67ac8f]
V  [jvm.dll+0x67ac4e]
V  [jvm.dll+0x67a8de]
V  [jvm.dll+0x67ac8f]
V  [jvm.dll+0x67a8de]
V  [jvm.dll+0x67ac8f]
V  [jvm.dll+0x67a8de]
V  [jvm.dll+0x67ac8f]
V  [jvm.dll+0x67a8de]
V  [jvm.dll+0x67ac8f]
V  [jvm.dll+0x67a8de]
V  [jvm.dll+0x67ac8f]
V  [jvm.dll+0x67a8de]
V  [jvm.dll+0x67ac8f]
V  [jvm.dll+0x67a8de]
V  [jvm.dll+0x67ac8f]
V  [jvm.dll+0x67a8de]
V  [jvm.dll+0x67ac8f]
V  [jvm.dll+0x67a8de]
V  [jvm.dll+0x6801e7]
V  [jvm.dll+0x68113c]
V  [jvm.dll+0x67f594]
V  [jvm.dll+0x24c14e]
V  [jvm.dll+0x24b671]
V  [jvm.dll+0x1d6d61]
V  [jvm.dll+0x25b0fa]
V  [jvm.dll+0x259588]
V  [jvm.dll+0x807928]
V  [jvm.dll+0x8015fa]
V  [jvm.dll+0x6ed5eb]
C  [ucrtbase.dll+0x21bb2]
C  [KERNEL32.DLL+0x17034]
C  [ntdll.dll+0x526a1]


---------------  P R O C E S S  ---------------

Threads class SMR info:
_java_thread_list=0x0000020684266e30, length=12, elements={
0x0000020684062550, 0x0000020684065c90, 0x0000020684081190, 0x0000020684083ad0,
0x0000020684085cf0, 0x0000020684086dc0, 0x000002068406c3f0, 0x000002068406db10,
0x000002068406f010, 0x00000206841f3650, 0x00000206841fc420, 0x00000206d3145990
}

Java Threads: ( => current thread )
  0x0000020684062550 JavaThread "Reference Handler" daemon [_thread_blocked, id=9052, stack(0x0000001494400000,0x0000001494500000)]
  0x0000020684065c90 JavaThread "Finalizer" daemon [_thread_blocked, id=21780, stack(0x0000001494500000,0x0000001494600000)]
  0x0000020684081190 JavaThread "Signal Dispatcher" daemon [_thread_blocked, id=15028, stack(0x0000001494600000,0x0000001494700000)]
  0x0000020684083ad0 JavaThread "Attach Listener" daemon [_thread_blocked, id=15528, stack(0x0000001494700000,0x0000001494800000)]
  0x0000020684085cf0 JavaThread "Service Thread" daemon [_thread_blocked, id=23308, stack(0x0000001494800000,0x0000001494900000)]
  0x0000020684086dc0 JavaThread "Monitor Deflation Thread" daemon [_thread_blocked, id=12876, stack(0x0000001494900000,0x0000001494a00000)]
=>0x000002068406c3f0 JavaThread "C2 CompilerThread0" daemon [_thread_in_native, id=19864, stack(0x0000001494a00000,0x0000001494b00000)]
  0x000002068406db10 JavaThread "C1 CompilerThread0" daemon [_thread_blocked, id=18940, stack(0x0000001494b00000,0x0000001494c00000)]
  0x000002068406f010 JavaThread "Sweeper thread" daemon [_thread_blocked, id=5956, stack(0x0000001494c00000,0x0000001494d00000)]
  0x00000206841f3650 JavaThread "Notification Thread" daemon [_thread_blocked, id=23356, stack(0x0000001494d00000,0x0000001494e00000)]
  0x00000206841fc420 JavaThread "Common-Cleaner" daemon [_thread_blocked, id=10668, stack(0x0000001494f00000,0x0000001495000000)]
  0x00000206d3145990 JavaThread "DestroyJavaVM" [_thread_blocked, id=15276, stack(0x0000001493d00000,0x0000001493e00000)]

Other Threads:
  0x00000206f691ddc0 VMThread "VM Thread" [stack: 0x0000001494300000,0x0000001494400000] [id=20860]
  0x00000206841fbfc0 WatcherThread "VM Periodic Task Thread" [stack: 0x0000001494e00000,0x0000001494f00000] [id=23756]
  0x00000206d31b3a30 WorkerThread "GC Thread#0" [stack: 0x0000001493e00000,0x0000001493f00000] [id=20992]
  0x00000206d31c58c0 ConcurrentGCThread "G1 Main Marker" [stack: 0x0000001493f00000,0x0000001494000000] [id=7256]
  0x00000206d31c7aa0 WorkerThread "G1 Conc#0" [stack: 0x0000001494000000,0x0000001494100000] [id=16124]
  0x00000206d320e620 ConcurrentGCThread "G1 Refine#0" [stack: 0x0000001494100000,0x0000001494200000] [id=13668]
  0x00000206f67763e0 ConcurrentGCThread "G1 Service" [stack: 0x0000001494200000,0x0000001494300000] [id=24056]

Threads with active compile tasks:
C2 CompilerThread0      879  150       4       java.util.regex.Matcher::search (154 bytes)

VM state: not at safepoint (normal execution)

VM Mutex/Monitor currently owned by a thread: None

Heap address: 0x0000000702800000, size: 4056 MB, Compressed Oops mode: Zero based, Oop shift amount: 3

CDS archive(s) not mapped
Compressed class space mapped at: 0x0000000800000000-0x0000000840000000, reserved size: 1073741824
Narrow klass base: 0x0000000800000000, Narrow klass shift: 0, Narrow klass range: 0x40000000

GC Precious Log:
 CardTable entry size: 512
 Card Set container configuration: InlinePtr #cards 4 size 8 Array Of Cards #cards 8 size 32 Howl #buckets 8 coarsen threshold 3686 Howl Bitmap #cards 512 size 80 coarsen threshold 460 Card regions per heap region 1 cards per card region 4096
 CPUs: 12 total, 12 available
 Memory: 16219M
 Large Page Support: Disabled
 NUMA Support: Disabled
 Compressed Oops: Enabled (Zero based)
 Heap Region Size: 2M
 Heap Min Capacity: 8M
 Heap Initial Capacity: 254M
 Heap Max Capacity: 4056M
 Pre-touch: Disabled
 Parallel Workers: 10
 Concurrent Workers: 3
 Concurrent Refinement Workers: 10
 Periodic GC: Disabled

Heap:
 garbage-first heap   total 260096K, used 2048K [0x0000000702800000, 0x0000000800000000)
  region size 2048K, 2 young (4096K), 0 survivors (0K)
 Metaspace       used 6935K, committed 7104K, reserved 1114112K
  class space    used 548K, committed 640K, reserved 1048576K

Heap Regions: E=young(eden), S=young(survivor), O=old, HS=humongous(starts), HC=humongous(continues), CS=collection set, F=free, OA=open archive, CA=closed archive, TAMS=top-at-mark-start (previous, next)
|   0|0x0000000702800000, 0x0000000702800000, 0x0000000702a00000|  0%| F|  |TAMS 0x0000000702800000, 0x0000000702800000| Untracked 
|   1|0x0000000702a00000, 0x0000000702a00000, 0x0000000702c00000|  0%| F|  |TAMS 0x0000000702a00000, 0x0000000702a00000| Untracked 
|   2|0x0000000702c00000, 0x0000000702c00000, 0x0000000702e00000|  0%| F|  |TAMS 0x0000000702c00000, 0x0000000702c00000| Untracked 
|   3|0x0000000702e00000, 0x0000000702e00000, 0x0000000703000000|  0%| F|  |TAMS 0x0000000702e00000, 0x0000000702e00000| Untracked 
|   4|0x0000000703000000, 0x0000000703000000, 0x0000000703200000|  0%| F|  |TAMS 0x0000000703000000, 0x0000000703000000| Untracked 
|   5|0x0000000703200000, 0x0000000703200000, 0x0000000703400000|  0%| F|  |TAMS 0x0000000703200000, 0x0000000703200000| Untracked 
|   6|0x0000000703400000, 0x0000000703400000, 0x0000000703600000|  0%| F|  |TAMS 0x0000000703400000, 0x0000000703400000| Untracked 
|   7|0x0000000703600000, 0x0000000703600000, 0x0000000703800000|  0%| F|  |TAMS 0x0000000703600000, 0x0000000703600000| Untracked 
|   8|0x0000000703800000, 0x0000000703800000, 0x0000000703a00000|  0%| F|  |TAMS 0x0000000703800000, 0x0000000703800000| Untracked 
|   9|0x0000000703a00000, 0x0000000703a00000, 0x0000000703c00000|  0%| F|  |TAMS 0x0000000703a00000, 0x0000000703a00000| Untracked 
|  10|0x0000000703c00000, 0x0000000703c00000, 0x0000000703e00000|  0%| F|  |TAMS 0x0000000703c00000, 0x0000000703c00000| Untracked 
|  11|0x0000000703e00000, 0x0000000703e00000, 0x0000000704000000|  0%| F|  |TAMS 0x0000000703e00000, 0x0000000703e00000| Untracked 
|  12|0x0000000704000000, 0x0000000704000000, 0x0000000704200000|  0%| F|  |TAMS 0x0000000704000000, 0x0000000704000000| Untracked 
|  13|0x0000000704200000, 0x0000000704200000, 0x0000000704400000|  0%| F|  |TAMS 0x0000000704200000, 0x0000000704200000| Untracked 
|  14|0x0000000704400000, 0x0000000704400000, 0x0000000704600000|  0%| F|  |TAMS 0x0000000704400000, 0x0000000704400000| Untracked 
|  15|0x0000000704600000, 0x0000000704600000, 0x0000000704800000|  0%| F|  |TAMS 0x0000000704600000, 0x0000000704600000| Untracked 
|  16|0x0000000704800000, 0x0000000704800000, 0x0000000704a00000|  0%| F|  |TAMS 0x0000000704800000, 0x0000000704800000| Untracked 
|  17|0x0000000704a00000, 0x0000000704a00000, 0x0000000704c00000|  0%| F|  |TAMS 0x0000000704a00000, 0x0000000704a00000| Untracked 
|  18|0x0000000704c00000, 0x0000000704c00000, 0x0000000704e00000|  0%| F|  |TAMS 0x0000000704c00000, 0x0000000704c00000| Untracked 
|  19|0x0000000704e00000, 0x0000000704e00000, 0x0000000705000000|  0%| F|  |TAMS 0x0000000704e00000, 0x0000000704e00000| Untracked 
|  20|0x0000000705000000, 0x0000000705000000, 0x0000000705200000|  0%| F|  |TAMS 0x0000000705000000, 0x0000000705000000| Untracked 
|  21|0x0000000705200000, 0x0000000705200000, 0x0000000705400000|  0%| F|  |TAMS 0x0000000705200000, 0x0000000705200000| Untracked 
|  22|0x0000000705400000, 0x0000000705400000, 0x0000000705600000|  0%| F|  |TAMS 0x0000000705400000, 0x0000000705400000| Untracked 
|  23|0x0000000705600000, 0x0000000705600000, 0x0000000705800000|  0%| F|  |TAMS 0x0000000705600000, 0x0000000705600000| Untracked 
|  24|0x0000000705800000, 0x0000000705800000, 0x0000000705a00000|  0%| F|  |TAMS 0x0000000705800000, 0x0000000705800000| Untracked 
|  25|0x0000000705a00000, 0x0000000705a00000, 0x0000000705c00000|  0%| F|  |TAMS 0x0000000705a00000, 0x0000000705a00000| Untracked 
|  26|0x0000000705c00000, 0x0000000705c00000, 0x0000000705e00000|  0%| F|  |TAMS 0x0000000705c00000, 0x0000000705c00000| Untracked 
|  27|0x0000000705e00000, 0x0000000705e00000, 0x0000000706000000|  0%| F|  |TAMS 0x0000000705e00000, 0x0000000705e00000| Untracked 
|  28|0x0000000706000000, 0x0000000706000000, 0x0000000706200000|  0%| F|  |TAMS 0x0000000706000000, 0x0000000706000000| Untracked 
|  29|0x0000000706200000, 0x0000000706200000, 0x0000000706400000|  0%| F|  |TAMS 0x0000000706200000, 0x0000000706200000| Untracked 
|  30|0x0000000706400000, 0x0000000706400000, 0x0000000706600000|  0%| F|  |TAMS 0x0000000706400000, 0x0000000706400000| Untracked 
|  31|0x0000000706600000, 0x0000000706600000, 0x0000000706800000|  0%| F|  |TAMS 0x0000000706600000, 0x0000000706600000| Untracked 
|  32|0x0000000706800000, 0x0000000706800000, 0x0000000706a00000|  0%| F|  |TAMS 0x0000000706800000, 0x0000000706800000| Untracked 
|  33|0x0000000706a00000, 0x0000000706a00000, 0x0000000706c00000|  0%| F|  |TAMS 0x0000000706a00000, 0x0000000706a00000| Untracked 
|  34|0x0000000706c00000, 0x0000000706c00000, 0x0000000706e00000|  0%| F|  |TAMS 0x0000000706c00000, 0x0000000706c00000| Untracked 
|  35|0x0000000706e00000, 0x0000000706e00000, 0x0000000707000000|  0%| F|  |TAMS 0x0000000706e00000, 0x0000000706e00000| Untracked 
|  36|0x0000000707000000, 0x0000000707000000, 0x0000000707200000|  0%| F|  |TAMS 0x0000000707000000, 0x0000000707000000| Untracked 
|  37|0x0000000707200000, 0x0000000707200000, 0x0000000707400000|  0%| F|  |TAMS 0x0000000707200000, 0x0000000707200000| Untracked 
|  38|0x0000000707400000, 0x0000000707400000, 0x0000000707600000|  0%| F|  |TAMS 0x0000000707400000, 0x0000000707400000| Untracked 
|  39|0x0000000707600000, 0x0000000707600000, 0x0000000707800000|  0%| F|  |TAMS 0x0000000707600000, 0x0000000707600000| Untracked 
|  40|0x0000000707800000, 0x0000000707800000, 0x0000000707a00000|  0%| F|  |TAMS 0x0000000707800000, 0x0000000707800000| Untracked 
|  41|0x0000000707a00000, 0x0000000707a00000, 0x0000000707c00000|  0%| F|  |TAMS 0x0000000707a00000, 0x0000000707a00000| Untracked 
|  42|0x0000000707c00000, 0x0000000707c00000, 0x0000000707e00000|  0%| F|  |TAMS 0x0000000707c00000, 0x0000000707c00000| Untracked 
|  43|0x0000000707e00000, 0x0000000707e00000, 0x0000000708000000|  0%| F|  |TAMS 0x0000000707e00000, 0x0000000707e00000| Untracked 
|  44|0x0000000708000000, 0x0000000708000000, 0x0000000708200000|  0%| F|  |TAMS 0x0000000708000000, 0x0000000708000000| Untracked 
|  45|0x0000000708200000, 0x0000000708200000, 0x0000000708400000|  0%| F|  |TAMS 0x0000000708200000, 0x0000000708200000| Untracked 
|  46|0x0000000708400000, 0x0000000708400000, 0x0000000708600000|  0%| F|  |TAMS 0x0000000708400000, 0x0000000708400000| Untracked 
|  47|0x0000000708600000, 0x0000000708600000, 0x0000000708800000|  0%| F|  |TAMS 0x0000000708600000, 0x0000000708600000| Untracked 
|  48|0x0000000708800000, 0x0000000708800000, 0x0000000708a00000|  0%| F|  |TAMS 0x0000000708800000, 0x0000000708800000| Untracked 
|  49|0x0000000708a00000, 0x0000000708a00000, 0x0000000708c00000|  0%| F|  |TAMS 0x0000000708a00000, 0x0000000708a00000| Untracked 
|  50|0x0000000708c00000, 0x0000000708c00000, 0x0000000708e00000|  0%| F|  |TAMS 0x0000000708c00000, 0x0000000708c00000| Untracked 
|  51|0x0000000708e00000, 0x0000000708e00000, 0x0000000709000000|  0%| F|  |TAMS 0x0000000708e00000, 0x0000000708e00000| Untracked 
|  52|0x0000000709000000, 0x0000000709000000, 0x0000000709200000|  0%| F|  |TAMS 0x0000000709000000, 0x0000000709000000| Untracked 
|  53|0x0000000709200000, 0x0000000709200000, 0x0000000709400000|  0%| F|  |TAMS 0x0000000709200000, 0x0000000709200000| Untracked 
|  54|0x0000000709400000, 0x0000000709400000, 0x0000000709600000|  0%| F|  |TAMS 0x0000000709400000, 0x0000000709400000| Untracked 
|  55|0x0000000709600000, 0x0000000709600000, 0x0000000709800000|  0%| F|  |TAMS 0x0000000709600000, 0x0000000709600000| Untracked 
|  56|0x0000000709800000, 0x0000000709800000, 0x0000000709a00000|  0%| F|  |TAMS 0x0000000709800000, 0x0000000709800000| Untracked 
|  57|0x0000000709a00000, 0x0000000709a00000, 0x0000000709c00000|  0%| F|  |TAMS 0x0000000709a00000, 0x0000000709a00000| Untracked 
|  58|0x0000000709c00000, 0x0000000709c00000, 0x0000000709e00000|  0%| F|  |TAMS 0x0000000709c00000, 0x0000000709c00000| Untracked 
|  59|0x0000000709e00000, 0x0000000709e00000, 0x000000070a000000|  0%| F|  |TAMS 0x0000000709e00000, 0x0000000709e00000| Untracked 
|  60|0x000000070a000000, 0x000000070a000000, 0x000000070a200000|  0%| F|  |TAMS 0x000000070a000000, 0x000000070a000000| Untracked 
|  61|0x000000070a200000, 0x000000070a200000, 0x000000070a400000|  0%| F|  |TAMS 0x000000070a200000, 0x000000070a200000| Untracked 
|  62|0x000000070a400000, 0x000000070a400000, 0x000000070a600000|  0%| F|  |TAMS 0x000000070a400000, 0x000000070a400000| Untracked 
|  63|0x000000070a600000, 0x000000070a600000, 0x000000070a800000|  0%| F|  |TAMS 0x000000070a600000, 0x000000070a600000| Untracked 
|  64|0x000000070a800000, 0x000000070a800000, 0x000000070aa00000|  0%| F|  |TAMS 0x000000070a800000, 0x000000070a800000| Untracked 
|  65|0x000000070aa00000, 0x000000070aa00000, 0x000000070ac00000|  0%| F|  |TAMS 0x000000070aa00000, 0x000000070aa00000| Untracked 
|  66|0x000000070ac00000, 0x000000070ac00000, 0x000000070ae00000|  0%| F|  |TAMS 0x000000070ac00000, 0x000000070ac00000| Untracked 
|  67|0x000000070ae00000, 0x000000070ae00000, 0x000000070b000000|  0%| F|  |TAMS 0x000000070ae00000, 0x000000070ae00000| Untracked 
|  68|0x000000070b000000, 0x000000070b000000, 0x000000070b200000|  0%| F|  |TAMS 0x000000070b000000, 0x000000070b000000| Untracked 
|  69|0x000000070b200000, 0x000000070b200000, 0x000000070b400000|  0%| F|  |TAMS 0x000000070b200000, 0x000000070b200000| Untracked 
|  70|0x000000070b400000, 0x000000070b400000, 0x000000070b600000|  0%| F|  |TAMS 0x000000070b400000, 0x000000070b400000| Untracked 
|  71|0x000000070b600000, 0x000000070b600000, 0x000000070b800000|  0%| F|  |TAMS 0x000000070b600000, 0x000000070b600000| Untracked 
|  72|0x000000070b800000, 0x000000070b800000, 0x000000070ba00000|  0%| F|  |TAMS 0x000000070b800000, 0x000000070b800000| Untracked 
|  73|0x000000070ba00000, 0x000000070ba00000, 0x000000070bc00000|  0%| F|  |TAMS 0x000000070ba00000, 0x000000070ba00000| Untracked 
|  74|0x000000070bc00000, 0x000000070bc00000, 0x000000070be00000|  0%| F|  |TAMS 0x000000070bc00000, 0x000000070bc00000| Untracked 
|  75|0x000000070be00000, 0x000000070be00000, 0x000000070c000000|  0%| F|  |TAMS 0x000000070be00000, 0x000000070be00000| Untracked 
|  76|0x000000070c000000, 0x000000070c000000, 0x000000070c200000|  0%| F|  |TAMS 0x000000070c000000, 0x000000070c000000| Untracked 
|  77|0x000000070c200000, 0x000000070c200000, 0x000000070c400000|  0%| F|  |TAMS 0x000000070c200000, 0x000000070c200000| Untracked 
|  78|0x000000070c400000, 0x000000070c400000, 0x000000070c600000|  0%| F|  |TAMS 0x000000070c400000, 0x000000070c400000| Untracked 
|  79|0x000000070c600000, 0x000000070c600000, 0x000000070c800000|  0%| F|  |TAMS 0x000000070c600000, 0x000000070c600000| Untracked 
|  80|0x000000070c800000, 0x000000070c800000, 0x000000070ca00000|  0%| F|  |TAMS 0x000000070c800000, 0x000000070c800000| Untracked 
|  81|0x000000070ca00000, 0x000000070ca00000, 0x000000070cc00000|  0%| F|  |TAMS 0x000000070ca00000, 0x000000070ca00000| Untracked 
|  82|0x000000070cc00000, 0x000000070cc00000, 0x000000070ce00000|  0%| F|  |TAMS 0x000000070cc00000, 0x000000070cc00000| Untracked 
|  83|0x000000070ce00000, 0x000000070ce00000, 0x000000070d000000|  0%| F|  |TAMS 0x000000070ce00000, 0x000000070ce00000| Untracked 
|  84|0x000000070d000000, 0x000000070d000000, 0x000000070d200000|  0%| F|  |TAMS 0x000000070d000000, 0x000000070d000000| Untracked 
|  85|0x000000070d200000, 0x000000070d200000, 0x000000070d400000|  0%| F|  |TAMS 0x000000070d200000, 0x000000070d200000| Untracked 
|  86|0x000000070d400000, 0x000000070d400000, 0x000000070d600000|  0%| F|  |TAMS 0x000000070d400000, 0x000000070d400000| Untracked 
|  87|0x000000070d600000, 0x000000070d600000, 0x000000070d800000|  0%| F|  |TAMS 0x000000070d600000, 0x000000070d600000| Untracked 
|  88|0x000000070d800000, 0x000000070d800000, 0x000000070da00000|  0%| F|  |TAMS 0x000000070d800000, 0x000000070d800000| Untracked 
|  89|0x000000070da00000, 0x000000070da00000, 0x000000070dc00000|  0%| F|  |TAMS 0x000000070da00000, 0x000000070da00000| Untracked 
|  90|0x000000070dc00000, 0x000000070dc00000, 0x000000070de00000|  0%| F|  |TAMS 0x000000070dc00000, 0x000000070dc00000| Untracked 
|  91|0x000000070de00000, 0x000000070de00000, 0x000000070e000000|  0%| F|  |TAMS 0x000000070de00000, 0x000000070de00000| Untracked 
|  92|0x000000070e000000, 0x000000070e000000, 0x000000070e200000|  0%| F|  |TAMS 0x000000070e000000, 0x000000070e000000| Untracked 
|  93|0x000000070e200000, 0x000000070e200000, 0x000000070e400000|  0%| F|  |TAMS 0x000000070e200000, 0x000000070e200000| Untracked 
|  94|0x000000070e400000, 0x000000070e400000, 0x000000070e600000|  0%| F|  |TAMS 0x000000070e400000, 0x000000070e400000| Untracked 
|  95|0x000000070e600000, 0x000000070e600000, 0x000000070e800000|  0%| F|  |TAMS 0x000000070e600000, 0x000000070e600000| Untracked 
|  96|0x000000070e800000, 0x000000070e800000, 0x000000070ea00000|  0%| F|  |TAMS 0x000000070e800000, 0x000000070e800000| Untracked 
|  97|0x000000070ea00000, 0x000000070ea00000, 0x000000070ec00000|  0%| F|  |TAMS 0x000000070ea00000, 0x000000070ea00000| Untracked 
|  98|0x000000070ec00000, 0x000000070ec00000, 0x000000070ee00000|  0%| F|  |TAMS 0x000000070ec00000, 0x000000070ec00000| Untracked 
|  99|0x000000070ee00000, 0x000000070ee00000, 0x000000070f000000|  0%| F|  |TAMS 0x000000070ee00000, 0x000000070ee00000| Untracked 
| 100|0x000000070f000000, 0x000000070f000000, 0x000000070f200000|  0%| F|  |TAMS 0x000000070f000000, 0x000000070f000000| Untracked 
| 101|0x000000070f200000, 0x000000070f200000, 0x000000070f400000|  0%| F|  |TAMS 0x000000070f200000, 0x000000070f200000| Untracked 
| 102|0x000000070f400000, 0x000000070f400000, 0x000000070f600000|  0%| F|  |TAMS 0x000000070f400000, 0x000000070f400000| Untracked 
| 103|0x000000070f600000, 0x000000070f600000, 0x000000070f800000|  0%| F|  |TAMS 0x000000070f600000, 0x000000070f600000| Untracked 
| 104|0x000000070f800000, 0x000000070f800000, 0x000000070fa00000|  0%| F|  |TAMS 0x000000070f800000, 0x000000070f800000| Untracked 
| 105|0x000000070fa00000, 0x000000070fa00000, 0x000000070fc00000|  0%| F|  |TAMS 0x000000070fa00000, 0x000000070fa00000| Untracked 
| 106|0x000000070fc00000, 0x000000070fc00000, 0x000000070fe00000|  0%| F|  |TAMS 0x000000070fc00000, 0x000000070fc00000| Untracked 
| 107|0x000000070fe00000, 0x000000070fe00000, 0x0000000710000000|  0%| F|  |TAMS 0x000000070fe00000, 0x000000070fe00000| Untracked 
| 108|0x0000000710000000, 0x0000000710000000, 0x0000000710200000|  0%| F|  |TAMS 0x0000000710000000, 0x0000000710000000| Untracked 
| 109|0x0000000710200000, 0x0000000710200000, 0x0000000710400000|  0%| F|  |TAMS 0x0000000710200000, 0x0000000710200000| Untracked 
| 110|0x0000000710400000, 0x0000000710400000, 0x0000000710600000|  0%| F|  |TAMS 0x0000000710400000, 0x0000000710400000| Untracked 
| 111|0x0000000710600000, 0x0000000710600000, 0x0000000710800000|  0%| F|  |TAMS 0x0000000710600000, 0x0000000710600000| Untracked 
| 112|0x0000000710800000, 0x0000000710800000, 0x0000000710a00000|  0%| F|  |TAMS 0x0000000710800000, 0x0000000710800000| Untracked 
| 113|0x0000000710a00000, 0x0000000710a00000, 0x0000000710c00000|  0%| F|  |TAMS 0x0000000710a00000, 0x0000000710a00000| Untracked 
| 114|0x0000000710c00000, 0x0000000710c00000, 0x0000000710e00000|  0%| F|  |TAMS 0x0000000710c00000, 0x0000000710c00000| Untracked 
| 115|0x0000000710e00000, 0x0000000710e00000, 0x0000000711000000|  0%| F|  |TAMS 0x0000000710e00000, 0x0000000710e00000| Untracked 
| 116|0x0000000711000000, 0x0000000711000000, 0x0000000711200000|  0%| F|  |TAMS 0x0000000711000000, 0x0000000711000000| Untracked 
| 117|0x0000000711200000, 0x0000000711200000, 0x0000000711400000|  0%| F|  |TAMS 0x0000000711200000, 0x0000000711200000| Untracked 
| 118|0x0000000711400000, 0x0000000711400000, 0x0000000711600000|  0%| F|  |TAMS 0x0000000711400000, 0x0000000711400000| Untracked 
| 119|0x0000000711600000, 0x0000000711600000, 0x0000000711800000|  0%| F|  |TAMS 0x0000000711600000, 0x0000000711600000| Untracked 
| 120|0x0000000711800000, 0x0000000711800000, 0x0000000711a00000|  0%| F|  |TAMS 0x0000000711800000, 0x0000000711800000| Untracked 
| 121|0x0000000711a00000, 0x0000000711a00000, 0x0000000711c00000|  0%| F|  |TAMS 0x0000000711a00000, 0x0000000711a00000| Untracked 
| 122|0x0000000711c00000, 0x0000000711c00000, 0x0000000711e00000|  0%| F|  |TAMS 0x0000000711c00000, 0x0000000711c00000| Untracked 
| 123|0x0000000711e00000, 0x0000000711e00000, 0x0000000712000000|  0%| F|  |TAMS 0x0000000711e00000, 0x0000000711e00000| Untracked 
| 124|0x0000000712000000, 0x0000000712000000, 0x0000000712200000|  0%| F|  |TAMS 0x0000000712000000, 0x0000000712000000| Untracked 
| 125|0x0000000712200000, 0x00000007123c3260, 0x0000000712400000| 88%| E|  |TAMS 0x0000000712200000, 0x0000000712200000| Complete 
| 126|0x0000000712400000, 0x0000000712600000, 0x0000000712600000|100%| E|CS|TAMS 0x0000000712400000, 0x0000000712400000| Complete 

Card table byte_map: [0x00000206eade0000,0x00000206eb5d0000] _byte_map_base: 0x00000206e75cc000

Marking Bits (Prev, Next): (CMBitMap*) 0x00000206d31b5070, (CMBitMap*) 0x00000206d31b50b0
 Prev Bits: [0x00000206ebdc0000, 0x00000206efd20000)
 Next Bits: [0x00000206efd20000, 0x00000206f3c80000)

Polling page: 0x00000206d10d0000

Metaspace:

Usage:
  Non-class:      6.24 MB used.
      Class:    548.27 KB used.
       Both:      6.77 MB used.

Virtual space:
  Non-class space:       64.00 MB reserved,       6.31 MB ( 10%) committed,  1 nodes.
      Class space:        1.00 GB reserved,     640.00 KB ( <1%) committed,  1 nodes.
             Both:        1.06 GB reserved,       6.94 MB ( <1%) committed. 

Chunk freelists:
   Non-Class:  976.00 KB
       Class:  3.24 MB
        Both:  4.20 MB

MaxMetaspaceSize: unlimited
CompressedClassSpaceSize: 1.00 GB
Initial GC threshold: 21.00 MB
Current GC threshold: 21.00 MB
CDS: off
MetaspaceReclaimPolicy: balanced
 - commit_granule_bytes: 65536.
 - commit_granule_words: 8192.
 - virtual_space_node_default_size: 8388608.
 - enlarge_chunks_in_place: 1.
 - new_chunks_are_fully_committed: 0.
 - uncommit_free_chunks: 1.
 - use_allocation_guard: 0.


Internal statistics:

num_allocs_failed_limit: 0.
num_arena_births: 10.
num_arena_deaths: 0.
num_vsnodes_births: 2.
num_vsnodes_deaths: 0.
num_space_committed: 111.
num_space_uncommitted: 0.
num_chunks_returned_to_freelist: 0.
num_chunks_taken_from_freelist: 35.
num_chunk_merges: 0.
num_chunk_splits: 14.
num_chunks_enlarged: 7.
num_inconsistent_stats: 0.

CodeHeap 'non-profiled nmethods': size=120000Kb used=54Kb max_used=54Kb free=119946Kb
 bounds [0x00000206e2b70000, 0x00000206e2de0000, 0x00000206ea0a0000]
CodeHeap 'profiled nmethods': size=120000Kb used=204Kb max_used=204Kb free=119795Kb
 bounds [0x00000206db0a0000, 0x00000206db310000, 0x00000206e25d0000]
CodeHeap 'non-nmethods': size=5760Kb used=1189Kb max_used=1195Kb free=4570Kb
 bounds [0x00000206e25d0000, 0x00000206e2840000, 0x00000206e2b70000]
 total_blobs=570 nmethods=188 adapters=293
 compilation: enabled
              stopped_count=0, restarted_count=0
 full_count=0

Compilation events (20 events):
Event: 0.738 Thread 0x000002068406db10  152       3       java.lang.invoke.MethodType::parameterCount (6 bytes)
Event: 0.738 Thread 0x000002068406db10 nmethod 152 0x00000206db0c5110 code [0x00000206db0c52a0, 0x00000206db0c53b8]
Event: 0.738 Thread 0x000002068406db10  155       3       jdk.internal.org.objectweb.asm.Symbol::<init> (38 bytes)
Event: 0.738 Thread 0x000002068406db10 nmethod 155 0x00000206db0c5490 code [0x00000206db0c5640, 0x00000206db0c58f8]
Event: 0.738 Thread 0x000002068406db10  156       3       jdk.internal.org.objectweb.asm.SymbolTable::put (150 bytes)
Event: 0.739 Thread 0x000002068406db10 nmethod 156 0x00000206db0c5a10 code [0x00000206db0c5c00, 0x00000206db0c64d8]
Event: 0.740 Thread 0x000002068406db10  157       3       java.lang.invoke.MethodType$ConcurrentWeakInternSet::expungeStaleElements (27 bytes)
Event: 0.741 Thread 0x000002068406db10 nmethod 157 0x00000206db0c6790 code [0x00000206db0c6960, 0x00000206db0c6cf8]
Event: 0.741 Thread 0x000002068406db10  158   !   3       java.lang.ref.NativeReferenceQueue::poll (28 bytes)
Event: 0.741 Thread 0x000002068406db10 nmethod 158 0x00000206db0c6e90 code [0x00000206db0c7060, 0x00000206db0c73a8]
Event: 0.742 Thread 0x000002068406db10  159       3       java.util.Optional::<init> (10 bytes)
Event: 0.742 Thread 0x000002068406db10 nmethod 159 0x00000206db0c7510 code [0x00000206db0c76c0, 0x00000206db0c7878]
Event: 0.743 Thread 0x000002068406db10  160       1       java.lang.invoke.MethodHandle::type (5 bytes)
Event: 0.743 Thread 0x000002068406db10 nmethod 160 0x00000206e2b7cb10 code [0x00000206e2b7cca0, 0x00000206e2b7cd78]
Event: 0.743 Thread 0x000002068406db10  161       3       java.util.Objects::checkIndex (7 bytes)
Event: 0.743 Thread 0x000002068406db10 nmethod 161 0x00000206db0c7910 code [0x00000206db0c7aa0, 0x00000206db0c7bd8]
Event: 0.743 Thread 0x000002068406db10  162       3       java.nio.Buffer::session (20 bytes)
Event: 0.744 Thread 0x000002068406db10 nmethod 162 0x00000206db0c7c90 code [0x00000206db0c7e60, 0x00000206db0c8148]
Event: 0.744 Thread 0x000002068406db10  163       3       java.nio.Buffer::checkIndex (9 bytes)
Event: 0.744 Thread 0x000002068406db10 nmethod 163 0x00000206db0c8210 code [0x00000206db0c83c0, 0x00000206db0c8578]

GC Heap History (0 events):
No events

Dll operation events (3 events):
Event: 0.008 Loaded shared library C:\Program Files\Java\jdk-19\bin\java.dll
Event: 0.562 Loaded shared library C:\Program Files\Java\jdk-19\bin\jsvml.dll
Event: 0.722 Loaded shared library C:\Program Files\Java\jdk-19\bin\jimage.dll

Deoptimization events (0 events):
No events

Classes loaded (20 events):
Event: 0.739 Loading class sun/text/resources/cldr/FormatData
Event: 0.740 Loading class java/util/ListResourceBundle
Event: 0.740 Loading class java/util/ListResourceBundle done
Event: 0.740 Loading class sun/text/resources/cldr/FormatData done
Event: 0.740 Loading class java/util/ResourceBundle$ResourceBundleProviderHelper
Event: 0.740 Loading class java/util/ResourceBundle$ResourceBundleProviderHelper done
Event: 0.741 Loading class sun/util/resources/Bundles$BundleReference
Event: 0.741 Loading class sun/util/resources/Bundles$CacheKeyReference
Event: 0.741 Loading class sun/util/resources/Bundles$CacheKeyReference done
Event: 0.741 Loading class sun/util/resources/Bundles$BundleReference done
Event: 0.741 Loading class sun/text/resources/cldr/FormatData_en
Event: 0.742 Loading class sun/text/resources/cldr/FormatData_en done
Event: 0.742 Loading class sun/util/resources/Bundles$2
Event: 0.742 Loading class sun/util/resources/Bundles$2 done
Event: 0.743 Loading class java/util/concurrent/ConcurrentHashMap$ForwardingNode
Event: 0.743 Loading class java/util/concurrent/ConcurrentHashMap$ForwardingNode done
Event: 0.743 Loading class java/lang/InstantiationException
Event: 0.743 Loading class java/lang/InstantiationException done
Event: 0.743 Loading class java/lang/IllegalAccessException
Event: 0.743 Loading class java/lang/IllegalAccessException done

Classes unloaded (0 events):
No events

Classes redefined (0 events):
No events

Internal exceptions (0 events):
No events

VM Operations (0 events):
No events

Events (12 events):
Event: 0.562 Thread 0x00000206d3145990 Thread added: 0x00000206d3145990
Event: 0.620 Thread 0x0000020684062550 Thread added: 0x0000020684062550
Event: 0.620 Thread 0x0000020684065c90 Thread added: 0x0000020684065c90
Event: 0.621 Thread 0x0000020684081190 Thread added: 0x0000020684081190
Event: 0.622 Thread 0x0000020684083ad0 Thread added: 0x0000020684083ad0
Event: 0.622 Thread 0x0000020684085cf0 Thread added: 0x0000020684085cf0
Event: 0.622 Thread 0x0000020684086dc0 Thread added: 0x0000020684086dc0
Event: 0.622 Thread 0x000002068406c3f0 Thread added: 0x000002068406c3f0
Event: 0.622 Thread 0x000002068406db10 Thread added: 0x000002068406db10
Event: 0.622 Thread 0x000002068406f010 Thread added: 0x000002068406f010
Event: 0.658 Thread 0x00000206841f3650 Thread added: 0x00000206841f3650
Event: 0.668 Thread 0x00000206841fc420 Thread added: 0x00000206841fc420


Dynamic libraries:
0x00007ff78fcc0000 - 0x00007ff78fcd0000 	C:\Program Files\Java\jdk-19\bin\javaw.exe
0x00007ffccbbd0000 - 0x00007ffccbdc8000 	C:\WINDOWS\SYSTEM32\ntdll.dll
0x00007ffc8c440000 - 0x00007ffc8c457000 	C:\Program Files\AVG\Antivirus\aswhook.dll
0x00007ffcca9f0000 - 0x00007ffccaaad000 	C:\WINDOWS\System32\KERNEL32.DLL
0x00007ffcc9550000 - 0x00007ffcc981e000 	C:\WINDOWS\System32\KERNELBASE.dll
0x00007ffcc9420000 - 0x00007ffcc9520000 	C:\WINDOWS\System32\ucrtbase.dll
0x00007ffcc4060000 - 0x00007ffcc4078000 	C:\Program Files\Java\jdk-19\bin\jli.dll
0x00007ffcc3b30000 - 0x00007ffcc3b4b000 	C:\Program Files\Java\jdk-19\bin\VCRUNTIME140.dll
0x00007ffcc9f90000 - 0x00007ffcca03e000 	C:\WINDOWS\System32\ADVAPI32.dll
0x00007ffcc9e90000 - 0x00007ffcc9f2e000 	C:\WINDOWS\System32\msvcrt.dll
0x00007ffcc9df0000 - 0x00007ffcc9e8c000 	C:\WINDOWS\System32\sechost.dll
0x00007ffcc9c30000 - 0x00007ffcc9d55000 	C:\WINDOWS\System32\RPCRT4.dll
0x00007ffccaab0000 - 0x00007ffccac50000 	C:\WINDOWS\System32\USER32.dll
0x00007ffcc92f0000 - 0x00007ffcc9312000 	C:\WINDOWS\System32\win32u.dll
0x00007ffcb4bb0000 - 0x00007ffcb4e4a000 	C:\WINDOWS\WinSxS\amd64_microsoft.windows.common-controls_6595b64144ccf1df_6.0.19041.1110_none_60b5254171f9507e\COMCTL32.dll
0x00007ffcca040000 - 0x00007ffcca06a000 	C:\WINDOWS\System32\GDI32.dll
0x00007ffcc98c0000 - 0x00007ffcc99cb000 	C:\WINDOWS\System32\gdi32full.dll
0x00007ffcc9820000 - 0x00007ffcc98bd000 	C:\WINDOWS\System32\msvcp_win.dll
0x00007ffcc2d70000 - 0x00007ffcc2d7a000 	C:\WINDOWS\SYSTEM32\VERSION.dll
0x00007ffcca0e0000 - 0x00007ffcca110000 	C:\WINDOWS\System32\IMM32.DLL
0x00007ffcc4dc0000 - 0x00007ffcc4dcc000 	C:\Program Files\Java\jdk-19\bin\vcruntime140_1.dll
0x00007ffcb02f0000 - 0x00007ffcb037e000 	C:\Program Files\Java\jdk-19\bin\msvcp140.dll
0x00007ffc43d50000 - 0x00007ffc44a10000 	C:\Program Files\Java\jdk-19\bin\server\jvm.dll
0x00007ffcb5000000 - 0x00007ffcb5027000 	C:\WINDOWS\SYSTEM32\WINMM.dll
0x00007ffcb94f0000 - 0x00007ffcb94f9000 	C:\WINDOWS\SYSTEM32\WSOCK32.dll
0x00007ffcca070000 - 0x00007ffcca0db000 	C:\WINDOWS\System32\WS2_32.dll
0x00007ffcc7b60000 - 0x00007ffcc7b72000 	C:\WINDOWS\SYSTEM32\kernel.appcore.dll
0x00007ffcc49a0000 - 0x00007ffcc49aa000 	C:\Program Files\Java\jdk-19\bin\jimage.dll
0x00007ffcc7180000 - 0x00007ffcc7364000 	C:\WINDOWS\SYSTEM32\DBGHELP.DLL
0x00007ffcbfb60000 - 0x00007ffcbfb8c000 	C:\WINDOWS\SYSTEM32\dbgcore.DLL
0x00007ffcc9320000 - 0x00007ffcc93a2000 	C:\WINDOWS\System32\bcryptPrimitives.dll
0x00007ffcb03b0000 - 0x00007ffcb03d6000 	C:\Program Files\Java\jdk-19\bin\java.dll
0x00007ffcaf200000 - 0x00007ffcaf2d7000 	C:\Program Files\Java\jdk-19\bin\jsvml.dll
0x00007ffcca1c0000 - 0x00007ffcca903000 	C:\WINDOWS\System32\SHELL32.dll
0x00007ffcc73c0000 - 0x00007ffcc7b55000 	C:\WINDOWS\SYSTEM32\windows.storage.dll
0x00007ffccac60000 - 0x00007ffccafb4000 	C:\WINDOWS\System32\combase.dll
0x00007ffcc8d50000 - 0x00007ffcc8d80000 	C:\WINDOWS\SYSTEM32\Wldp.dll
0x00007ffccb810000 - 0x00007ffccb8bd000 	C:\WINDOWS\System32\SHCORE.dll
0x00007ffccb670000 - 0x00007ffccb6c5000 	C:\WINDOWS\System32\shlwapi.dll
0x00007ffcc9230000 - 0x00007ffcc924f000 	C:\WINDOWS\SYSTEM32\profapi.dll

dbghelp: loaded successfully - version: 4.0.5 - missing functions: none
symbol engine: initialized successfully - sym options: 0x614 - pdb path: .;C:\Program Files\Java\jdk-19\bin;C:\WINDOWS\SYSTEM32;C:\Program Files\AVG\Antivirus;C:\WINDOWS\WinSxS\amd64_microsoft.windows.common-controls_6595b64144ccf1df_6.0.19041.1110_none_60b5254171f9507e;C:\Program Files\Java\jdk-19\bin\server

VM Arguments:
jvm_args: -Dfile.encoding=UTF-8 -XX:+ShowCodeDetailsInExceptionMessages 
java_command: com.qa.woo.ecommerce.App
java_class_path (initial): C:\Users\kpqun\Desktop\qa\qa_project\woo_e-commerce\target\classes;C:\Users\kpqun\.m2\repository\org\projectlombok\lombok\1.18.24\lombok-1.18.24.jar;C:\Users\kpqun\.m2\repository\mysql\mysql-connector-java\8.0.28\mysql-connector-java-8.0.28.jar;C:\Users\kpqun\.m2\repository\com\google\protobuf\protobuf-java\3.11.4\protobuf-java-3.11.4.jar
Launcher Type: SUN_STANDARD

[Global flags]
     intx CICompilerCount                          = 4                                         {product} {ergonomic}
     uint ConcGCThreads                            = 3                                         {product} {ergonomic}
     uint G1ConcRefinementThreads                  = 10                                        {product} {ergonomic}
   size_t G1HeapRegionSize                         = 2097152                                   {product} {ergonomic}
    uintx GCDrainStackTargetSize                   = 64                                        {product} {ergonomic}
   size_t InitialHeapSize                          = 266338304                                 {product} {ergonomic}
   size_t MarkStackSize                            = 4194304                                   {product} {ergonomic}
   size_t MaxHeapSize                              = 4253024256                                {product} {ergonomic}
   size_t MaxNewSize                               = 2550136832                                {product} {ergonomic}
   size_t MinHeapDeltaBytes                        = 2097152                                   {product} {ergonomic}
   size_t MinHeapSize                              = 8388608                                   {product} {ergonomic}
    uintx NonNMethodCodeHeapSize                   = 5839372                                {pd product} {ergonomic}
    uintx NonProfiledCodeHeapSize                  = 122909434                              {pd product} {ergonomic}
    uintx ProfiledCodeHeapSize                     = 122909434                              {pd product} {ergonomic}
    uintx ReservedCodeCacheSize                    = 251658240                              {pd product} {ergonomic}
     bool SegmentedCodeCache                       = true                                      {product} {ergonomic}
     bool ShowCodeDetailsInExceptionMessages       = true                                   {manageable} {command line}
   size_t SoftMaxHeapSize                          = 4253024256                             {manageable} {ergonomic}
     bool UseCompressedClassPointers               = true                           {product lp64_product} {ergonomic}
     bool UseCompressedOops                        = true                           {product lp64_product} {ergonomic}
     bool UseG1GC                                  = true                                      {product} {ergonomic}
     bool UseLargePagesIndividualAllocation        = false                                  {pd product} {ergonomic}

Logging:
Log output configuration:
 #0: stdout all=warning uptime,level,tags foldmultilines=false
 #1: stderr all=off uptime,level,tags foldmultilines=false

Environment Variables:
JAVA_HOME=C:\Program Files\Java\jdk-19
PATH=C:\Program Files\Common Files\Oracle\Java\javapath;C:\Windows\system32;C:\Windows;C:\Windows\System32\Wbem;C:\Windows\System32\WindowsPowerShell\v1.0\;C:\Windows\System32\OpenSSH\;C:\Program Files (x86)\NVIDIA Corporation\PhysX\Common;C:\Program Files\NVIDIA Corporation\NVIDIA NvDLISR;C:\WINDOWS\system32;C:\WINDOWS;C:\WINDOWS\System32\Wbem;C:\WINDOWS\System32\WindowsPowerShell\v1.0\;C:\WINDOWS\System32\OpenSSH\;C:\Program Files (x86)\QuickTime\QTSystem\;C:\Program Files\Common Files\Autodesk Shared\;C:\Program Files\Git\cmd;C:\Users\kpqun\Documents\apache-maven-3.8.6\bin;C:\Program Files\MySQL\MySQL Shell 8.0\bin\;C:\Users\kpqun\AppData\Local\Microsoft\WindowsApps;;C:\Users\kpqun\AppData\Local\Programs\Microsoft VS Code\bin
USERNAME=kpqun
OS=Windows_NT
PROCESSOR_IDENTIFIER=Intel64 Family 6 Model 165 Stepping 2, GenuineIntel
TMP=C:\Users\kpqun\AppData\Local\Temp
TEMP=C:\Users\kpqun\AppData\Local\Temp



---------------  S Y S T E M  ---------------

OS:
 Windows 10 , 64 bit Build 19041 (10.0.19041.1889)
OS uptime: 1 days 5:26 hours

CPU: total 12 (initial active 12) (6 cores per cpu, 2 threads per core) family 6 model 165 stepping 2 microcode 0xc8, cx8, cmov, fxsr, ht, mmx, 3dnowpref, sse, sse2, sse3, ssse3, sse4.1, sse4.2, popcnt, lzcnt, tsc, tscinvbit, avx, avx2, aes, erms, clmul, bmi1, bmi2, adx, fma, vzeroupper, clflush, clflushopt, rdtscp

Memory: 4k page, system-wide physical 16219M (500M free)
TotalPageFile size 65371M (AvailPageFile size 0M)
current process WorkingSet (physical memory assigned to process): 33M, peak: 33M
current process commit charge ("private bytes"): 342M, peak: 342M

vm_info: Java HotSpot(TM) 64-Bit Server VM (19+36-2238) for windows-amd64 JRE (19+36-2238), built on 2022-08-12T20:29:01Z by "mach5one" with MS VC++ 17.1 (VS2022)

END.
